<?xml version="1.0" encoding="UTF-8"?>
<!-- Generated by org.testng.reporters.JUnitXMLReporter -->
<testsuite hostname="Sarfaraj_Doni" name="Test" tests="2" failures="0" timestamp="22 Apr 2016 10:30:45 GMT" time="0.051" errors="0">
  <testcase name="@BeforeTest setUp" time="0.0" classname="home.Link.Schedule">
    <failure type="org.testng.TestNGException" message="
Parameter &amp;apos;browser&amp;apos; is required by @Configuration on method setUp but has not been marked @Optional or defined
in E:\Testing\Clarion\Clarion\testng.xml">
      <![CDATA[org.testng.TestNGException: 
Parameter 'browser' is required by @Configuration on method setUp but has not been marked @Optional or defined
in E:\Testing\Clarion\Clarion\testng.xml
... Removed 19 stack frames]]>
    </failure>
  </testcase> <!-- @BeforeTest setUp -->
  <testcase name="@BeforeClass beforeClass" time="0.0" classname="home.Link.Schedule">
    <skipped/>
  </testcase> <!-- @BeforeClass beforeClass -->
  <testcase name="@AfterMethod tearDown" time="0.0" classname="home.Link.Schedule">
    <skipped/>
  </testcase> <!-- @AfterMethod tearDown -->
  <testcase name="@AfterMethod tearDown" time="0.0" classname="home.Link.Schedule">
    <skipped/>
  </testcase> <!-- @AfterMethod tearDown -->
  <testcase name="VerifyUI" time="0.007" classname="home.Link.Schedule">
    <skipped/>
  </testcase> <!-- VerifyUI -->
  <testcase name="verifySchedule" time="0.002" classname="home.Link.Schedule">
    <skipped/>
  </testcase> <!-- verifySchedule -->
</testsuite> <!-- Test -->
